This is XeTeX, Version 3.14159265-2.6-0.999991 (TeX Live 2019/W32TeX) (preloaded format=xelatex 2019.5.17)  22 FEB 2020 19:08
entering extended mode
 restricted \write18 enabled.
 %&-line parsing enabled.
**dwas_ffnn_1.tex
(./dwas_ffnn_1.tex
LaTeX2e <2018-12-01>
(c:/texlive/2019/texmf-dist/tex/latex/base/article.cls
Document Class: article 2018/09/03 v1.4i Standard LaTeX document class
(c:/texlive/2019/texmf-dist/tex/latex/base/size10.clo
File: size10.clo 2018/09/03 v1.4i Standard LaTeX file (size option)
)
\c@part=\count80
\c@section=\count81
\c@subsection=\count82
\c@subsubsection=\count83
\c@paragraph=\count84
\c@subparagraph=\count85
\c@figure=\count86
\c@table=\count87
\abovecaptionskip=\skip41
\belowcaptionskip=\skip42
\bibindent=\dimen102
)
(c:/texlive/2019/texmf-dist/tex/latex/blindtext/blindtext.sty
Package: blindtext 2012/01/06 V2.0 blindtext-Package

(c:/texlive/2019/texmf-dist/tex/latex/tools/xspace.sty
Package: xspace 2014/10/28 v1.13 Space after command names (DPC,MH)
)
\c@blindtext=\count88
\c@Blindtext=\count89
\c@blind@countparstart=\count90
\blind@countxx=\count91
\blindtext@numBlindtext=\count92
\blind@countyy=\count93
\c@blindlist=\count94
\c@blindlistlevel=\count95
\c@blindlist@level=\count96
\blind@listitem=\count97
\c@blind@listcount=\count98
\c@blind@levelcount=\count99
\blind@mathformula=\count100
\blind@Mathformula=\count101
\c@blind@randomcount=\count102
\c@blind@randommax=\count103
\c@blind@pangramcount=\count104
\c@blind@pangrammax=\count105
)
(c:/texlive/2019/texmf-dist/tex/latex/psnfss/mathpazo.sty
Package: mathpazo 2005/04/12 PSNFSS-v9.2a Palatino w/ Pazo Math (D.Puga, WaS) 
\symupright=\mathgroup4
)
(c:/texlive/2019/texmf-dist/tex/latex/base/fontenc.sty
Package: fontenc 2018/08/11 v2.0j Standard LaTeX package

(c:/texlive/2019/texmf-dist/tex/latex/base/t1enc.def
File: t1enc.def 2018/08/11 v2.0j Standard LaTeX file
LaTeX Font Info:    Redeclaring font encoding T1 on input line 48.
)
LaTeX Font Info:    Try loading font information for T1+lmr on input line 105.

(c:/texlive/2019/texmf-dist/tex/latex/lm/t1lmr.fd
File: t1lmr.fd 2009/10/30 v1.6 Font defs for Latin Modern
))
(c:/texlive/2019/texmf-dist/tex/latex/microtype/microtype.sty
Package: microtype 2019/02/28 v2.7b Micro-typographical refinements (RS)

(c:/texlive/2019/texmf-dist/tex/latex/graphics/keyval.sty
Package: keyval 2014/10/28 v1.15 key=value parser (DPC)
\KV@toks@=\toks14
)
\MT@toks=\toks15
\MT@count=\count106
LaTeX Info: Redefining \textls on input line 790.
\MT@outer@kern=\dimen103
LaTeX Info: Redefining \textmicrotypecontext on input line 1336.
\MT@listname@count=\count107

(c:/texlive/2019/texmf-dist/tex/latex/microtype/microtype-xetex.def
File: microtype-xetex.def 2019/02/28 v2.7b Definitions specific to xetex (RS)
LaTeX Info: Redefining \lsstyle on input line 258.
)
Package microtype Info: Loading configuration file microtype.cfg.

(c:/texlive/2019/texmf-dist/tex/latex/microtype/microtype.cfg
File: microtype.cfg 2019/02/28 v2.7b microtype main configuration file (RS)
))
(c:/texlive/2019/texmf-dist/tex/latex/amsmath/amsmath.sty
Package: amsmath 2018/12/01 v2.17b AMS math features
\@mathmargin=\skip43

For additional information on amsmath, use the `?' option.
(c:/texlive/2019/texmf-dist/tex/latex/amsmath/amstext.sty
Package: amstext 2000/06/29 v2.01 AMS text

(c:/texlive/2019/texmf-dist/tex/latex/amsmath/amsgen.sty
File: amsgen.sty 1999/11/30 v2.0 generic functions
\@emptytoks=\toks16
\ex@=\dimen104
))
(c:/texlive/2019/texmf-dist/tex/latex/amsmath/amsbsy.sty
Package: amsbsy 1999/11/29 v1.2d Bold Symbols
\pmbraise@=\dimen105
)
(c:/texlive/2019/texmf-dist/tex/latex/amsmath/amsopn.sty
Package: amsopn 2016/03/08 v2.02 operator names
)
\inf@bad=\count108
LaTeX Info: Redefining \frac on input line 223.
\uproot@=\count109
\leftroot@=\count110
LaTeX Info: Redefining \overline on input line 385.
\classnum@=\count111
\DOTSCASE@=\count112
LaTeX Info: Redefining \ldots on input line 482.
LaTeX Info: Redefining \dots on input line 485.
LaTeX Info: Redefining \cdots on input line 606.
\Mathstrutbox@=\box27
\strutbox@=\box28
\big@size=\dimen106
LaTeX Font Info:    Redeclaring font encoding OML on input line 729.
LaTeX Font Info:    Redeclaring font encoding OMS on input line 730.
\macc@depth=\count113
\c@MaxMatrixCols=\count114
\dotsspace@=\muskip10
\c@parentequation=\count115
\dspbrk@lvl=\count116
\tag@help=\toks17
\row@=\count117
\column@=\count118
\maxfields@=\count119
\andhelp@=\toks18
\eqnshift@=\dimen107
\alignsep@=\dimen108
\tagshift@=\dimen109
\tagwidth@=\dimen110
\totwidth@=\dimen111
\lineht@=\dimen112
\@envbody=\toks19
\multlinegap=\skip44
\multlinetaggap=\skip45
\mathdisplay@stack=\toks20
LaTeX Info: Redefining \[ on input line 2844.
LaTeX Info: Redefining \] on input line 2845.
)
(c:/texlive/2019/texmf-dist/tex/latex/tools/array.sty
Package: array 2018/12/30 v2.4k Tabular extension package (FMi)
\col@sep=\dimen113
\ar@mcellbox=\box29
\extrarowheight=\dimen114
\NC@list=\toks21
\extratabsurround=\skip46
\backup@length=\skip47
\ar@cellbox=\box30
)
(c:/texlive/2019/texmf-dist/tex/latex/graphics/graphicx.sty
Package: graphicx 2017/06/01 v1.1a Enhanced LaTeX Graphics (DPC,SPQR)

(c:/texlive/2019/texmf-dist/tex/latex/graphics/graphics.sty
Package: graphics 2017/06/25 v1.2c Standard LaTeX Graphics (DPC,SPQR)

(c:/texlive/2019/texmf-dist/tex/latex/graphics/trig.sty
Package: trig 2016/01/03 v1.10 sin cos tan (DPC)
)
(c:/texlive/2019/texmf-dist/tex/latex/graphics-cfg/graphics.cfg
File: graphics.cfg 2016/06/04 v1.11 sample graphics configuration
)
Package graphics Info: Driver file: xetex.def on input line 99.

(c:/texlive/2019/texmf-dist/tex/latex/graphics-def/xetex.def
File: xetex.def 2017/06/24 v5.0h Graphics/color driver for xetex
))
\Gin@req@height=\dimen115
\Gin@req@width=\dimen116
)
(c:/texlive/2019/texmf-dist/tex/latex/natbib/natbib.sty
Package: natbib 2010/09/13 8.31b (PWD, AO)
\bibhang=\skip48
\bibsep=\skip49
LaTeX Info: Redefining \cite on input line 694.
\c@NAT@ctr=\count120
)
(c:/texlive/2019/texmf-dist/tex/latex/nomencl/nomencl.sty
Package: nomencl 2019/05/05 v5.2 Nomenclature package

(c:/texlive/2019/texmf-dist/tex/latex/xkeyval/xkeyval.sty
Package: xkeyval 2014/12/03 v2.7a package option processing (HA)

(c:/texlive/2019/texmf-dist/tex/generic/xkeyval/xkeyval.tex
(c:/texlive/2019/texmf-dist/tex/generic/xkeyval/xkvutils.tex
\XKV@toks=\toks22
\XKV@tempa@toks=\toks23
)
\XKV@depth=\count121
File: xkeyval.tex 2014/12/03 v2.7a key=value parser (HA)
))
(c:/texlive/2019/texmf-dist/tex/latex/base/ifthen.sty
Package: ifthen 2014/09/29 v1.1c Standard LaTeX ifthen package (DPC)
)
(c:/texlive/2019/texmf-dist/tex/latex/koma-script/tocbasic.sty
Package: tocbasic 2019/02/01 v3.26b KOMA-Script package (handling toc-files)

(c:/texlive/2019/texmf-dist/tex/latex/koma-script/scrbase.sty
Package: scrbase 2019/02/01 v3.26b KOMA-Script package (KOMA-Script-independent
 basics and keyval usage)

(c:/texlive/2019/texmf-dist/tex/latex/koma-script/scrlfile.sty
Package: scrlfile 2019/02/01 v3.26b KOMA-Script package (loading files)
))
\scr@dte@tocline@numberwidth=\skip50
\scr@dte@tocline@numbox=\box31
)
Package tocbasic Info: setting babel extension for `nlo' on input line 155.
Package tocbasic Info: setting babel extension for `nls' on input line 156.
\nomlabelwidth=\dimen117
\nom@tempdim=\dimen118
\nomitemsep=\skip51
)
(c:/texlive/2019/texmf-dist/tex/latex/siunitx/siunitx.sty
(c:/texlive/2019/texmf-dist/tex/latex/l3kernel/expl3.sty
Package: expl3 2019-05-09 L3 programming layer (loader) 

(c:/texlive/2019/texmf-dist/tex/latex/l3kernel/expl3-code.tex
Package: expl3 2019-05-09 L3 programming layer (code)
\c_max_int=\count122
\l_tmpa_int=\count123
\l_tmpb_int=\count124
\g_tmpa_int=\count125
\g_tmpb_int=\count126
\g__kernel_prg_map_int=\count127
\c__ior_term_ior=\count128
\c_log_iow=\count129
\l_iow_line_count_int=\count130
\l__iow_line_target_int=\count131
\l__iow_one_indent_int=\count132
\l__iow_indent_int=\count133
\c_zero_dim=\dimen119
\c_max_dim=\dimen120
\l_tmpa_dim=\dimen121
\l_tmpb_dim=\dimen122
\g_tmpa_dim=\dimen123
\g_tmpb_dim=\dimen124
\c_zero_skip=\skip52
\c_max_skip=\skip53
\l_tmpa_skip=\skip54
\l_tmpb_skip=\skip55
\g_tmpa_skip=\skip56
\g_tmpb_skip=\skip57
\c_zero_muskip=\muskip11
\c_max_muskip=\muskip12
\l_tmpa_muskip=\muskip13
\l_tmpb_muskip=\muskip14
\g_tmpa_muskip=\muskip15
\g_tmpb_muskip=\muskip16
\l_keys_choice_int=\count134
\l__intarray_loop_int=\count135
\c__intarray_sp_dim=\dimen125
\g__intarray_font_int=\count136
\c__fp_leading_shift_int=\count137
\c__fp_middle_shift_int=\count138
\c__fp_trailing_shift_int=\count139
\c__fp_big_leading_shift_int=\count140
\c__fp_big_middle_shift_int=\count141
\c__fp_big_trailing_shift_int=\count142
\c__fp_Bigg_leading_shift_int=\count143
\c__fp_Bigg_middle_shift_int=\count144
\c__fp_Bigg_trailing_shift_int=\count145
\g__fp_array_int=\count146
\l__fp_array_loop_int=\count147
\l__sort_length_int=\count148
\l__sort_min_int=\count149
\l__sort_top_int=\count150
\l__sort_max_int=\count151
\l__sort_true_max_int=\count152
\l__sort_block_int=\count153
\l__sort_begin_int=\count154
\l__sort_end_int=\count155
\l__sort_A_int=\count156
\l__sort_B_int=\count157
\l__sort_C_int=\count158
\l__tl_analysis_normal_int=\count159
\l__tl_analysis_index_int=\count160
\l__tl_analysis_nesting_int=\count161
\l__tl_analysis_type_int=\count162
\l__regex_internal_a_int=\count163
\l__regex_internal_b_int=\count164
\l__regex_internal_c_int=\count165
\l__regex_balance_int=\count166
\l__regex_group_level_int=\count167
\l__regex_mode_int=\count168
\c__regex_cs_in_class_mode_int=\count169
\c__regex_cs_mode_int=\count170
\l__regex_catcodes_int=\count171
\l__regex_default_catcodes_int=\count172
\c__regex_catcode_L_int=\count173
\c__regex_catcode_O_int=\count174
\c__regex_catcode_A_int=\count175
\c__regex_all_catcodes_int=\count176
\l__regex_show_lines_int=\count177
\l__regex_min_state_int=\count178
\l__regex_max_state_int=\count179
\l__regex_left_state_int=\count180
\l__regex_right_state_int=\count181
\l__regex_capturing_group_int=\count182
\l__regex_min_pos_int=\count183
\l__regex_max_pos_int=\count184
\l__regex_curr_pos_int=\count185
\l__regex_start_pos_int=\count186
\l__regex_success_pos_int=\count187
\l__regex_curr_char_int=\count188
\l__regex_curr_catcode_int=\count189
\l__regex_last_char_int=\count190
\l__regex_case_changed_char_int=\count191
\l__regex_curr_state_int=\count192
\l__regex_step_int=\count193
\l__regex_min_active_int=\count194
\l__regex_max_active_int=\count195
\l__regex_replacement_csnames_int=\count196
\l__regex_match_count_int=\count197
\l__regex_min_submatch_int=\count198
\l__regex_submatch_int=\count199
\l__regex_zeroth_submatch_int=\count266
\g__regex_trace_regex_int=\count267
\c_empty_box=\box32
\l_tmpa_box=\box33
\l_tmpb_box=\box34
\g_tmpa_box=\box35
\g_tmpb_box=\box36
\l__box_top_dim=\dimen126
\l__box_bottom_dim=\dimen127
\l__box_left_dim=\dimen128
\l__box_right_dim=\dimen129
\l__box_top_new_dim=\dimen130
\l__box_bottom_new_dim=\dimen131
\l__box_left_new_dim=\dimen132
\l__box_right_new_dim=\dimen133
\l__box_internal_box=\box37
\l__coffin_internal_box=\box38
\l__coffin_internal_dim=\dimen134
\l__coffin_offset_x_dim=\dimen135
\l__coffin_offset_y_dim=\dimen136
\l__coffin_x_dim=\dimen137
\l__coffin_y_dim=\dimen138
\l__coffin_x_prime_dim=\dimen139
\l__coffin_y_prime_dim=\dimen140
\c_empty_coffin=\box39
\l__coffin_aligned_coffin=\box40
\l__coffin_aligned_internal_coffin=\box41
\l_tmpa_coffin=\box42
\l_tmpb_coffin=\box43
\g_tmpa_coffin=\box44
\g_tmpb_coffin=\box45
\l__coffin_bounding_shift_dim=\dimen141
\l__coffin_left_corner_dim=\dimen142
\l__coffin_right_corner_dim=\dimen143
\l__coffin_bottom_corner_dim=\dimen144
\l__coffin_top_corner_dim=\dimen145
\l__coffin_scaled_total_height_dim=\dimen146
\l__coffin_scaled_width_dim=\dimen147
\c__coffin_empty_coffin=\box46
\l__coffin_display_coffin=\box47
\l__coffin_display_coord_coffin=\box48
\l__coffin_display_pole_coffin=\box49
\l__coffin_display_offset_dim=\dimen148
\l__coffin_display_x_dim=\dimen149
\l__coffin_display_y_dim=\dimen150
\g__file_internal_ior=\read1
\l__seq_internal_a_int=\count268
\l__seq_internal_b_int=\count269
\c__deprecation_minus_one=\count270
)
(c:/texlive/2019/texmf-dist/tex/latex/l3kernel/l3xdvipdfmx.def
File: l3xdvipdfmx.def 2019-04-06 v L3 Experimental driver: xdvipdfmx
\l__driver_internal_box=\box50
\g__driver_graphics_int=\count271
\g__driver_pdf_object_int=\count272
\g__driver_pdf_annotation_int=\count273
))
(c:/texlive/2019/texmf-dist/tex/latex/l3packages/xparse/xparse.sty
Package: xparse 2019-05-03 L3 Experimental document command parser
\l__xparse_current_arg_int=\count274
\g__xparse_grabber_int=\count275
\l__xparse_m_args_int=\count276
\l__xparse_v_nesting_int=\count277
)
Package: siunitx 2018/05/17 v2.7s A comprehensive (SI) units package

(c:/texlive/2019/texmf-dist/tex/latex/l3packages/l3keys2e/l3keys2e.sty
Package: l3keys2e 2019-05-03 LaTeX2e option processing using LaTeX3 keys
)
\l__siunitx_tmp_box=\box51
\l__siunitx_tmp_dim=\dimen151
\l__siunitx_tmp_int=\count278
\l__siunitx_number_mantissa_length_int=\count279
\l__siunitx_number_uncert_length_int=\count280
\l__siunitx_round_int=\count281
\l__siunitx_process_decimal_int=\count282
\l__siunitx_process_uncertainty_int=\count283
\l__siunitx_process_fixed_int=\count284
\l__siunitx_process_integer_min_int=\count285
\l__siunitx_process_precision_int=\count286
\l__siunitx_group_min_int=\count287
\l__siunitx_angle_marker_box=\box52
\l__siunitx_angle_unit_box=\box53
\l__siunitx_angle_marker_dim=\dimen152
\l__siunitx_angle_unit_dim=\dimen153
\l__siunitx_unit_int=\count288
\l__siunitx_unit_denominator_int=\count289
\l__siunitx_unit_numerator_int=\count290
\l__siunitx_unit_prefix_int=\count291
\l__siunitx_unit_prefix_base_int=\count292
\l__siunitx_unit_prefix_gram_int=\count293
\l__siunitx_number_product_int=\count294
\c__siunitx_one_fill_skip=\skip58
\l__siunitx_table_unit_align_skip=\skip59
\l__siunitx_table_exponent_dim=\dimen154
\l__siunitx_table_integer_dim=\dimen155
\l__siunitx_table_mantissa_dim=\dimen156
\l__siunitx_table_marker_dim=\dimen157
\l__siunitx_table_result_dim=\dimen158
\l__siunitx_table_uncert_dim=\dimen159
\l__siunitx_table_fill_pre_dim=\dimen160
\l__siunitx_table_fill_post_dim=\dimen161
\l__siunitx_table_fill_mid_dim=\dimen162
\l__siunitx_table_pre_box=\box54
\l__siunitx_table_post_box=\box55
\l__siunitx_table_mantissa_box=\box56
\l__siunitx_table_result_box=\box57
\l__siunitx_table_number_align_skip=\skip60
\l__siunitx_table_text_align_skip=\skip61

(c:/texlive/2019/texmf-dist/tex/latex/translator/translator.sty
Package: translator 2018/01/04 v1.12 Easy translation of strings in LaTeX
))
(c:/texlive/2019/texmf-dist/tex/latex/titling/titling.sty
Package: titling 2009/09/04 v2.1d maketitle typesetting
\thanksmarkwidth=\skip62
\thanksmargin=\skip63
\droptitle=\skip64
)
(c:/texlive/2019/texmf-dist/tex/generic/babel/babel.sty
Package: babel 2019/05/04 3.31 The Babel package

(c:/texlive/2019/texmf-dist/tex/generic/babel/switch.def
File: switch.def 2019/05/04 3.31 Babel switching mechanism
)
(c:/texlive/2019/texmf-dist/tex/generic/babel-english/english.ldf
Language: english 2017/06/06 v3.3r English support from the babel system

(c:/texlive/2019/texmf-dist/tex/generic/babel/babel.def
File: babel.def 2019/05/04 3.31 Babel common definitions
\babel@savecnt=\count295
\U@D=\dimen163

(c:/texlive/2019/texmf-dist/tex/generic/babel/xebabel.def
(c:/texlive/2019/texmf-dist/tex/generic/babel/txtbabel.def))
\bbl@dirlevel=\count296
)
\l@canadian = a dialect from \language\l@american 
\l@australian = a dialect from \language\l@british 
\l@newzealand = a dialect from \language\l@british 
))
(c:/texlive/2019/texmf-dist/tex/latex/geometry/geometry.sty
Package: geometry 2018/04/16 v5.8 Page Geometry

(c:/texlive/2019/texmf-dist/tex/generic/oberdiek/ifpdf.sty
Package: ifpdf 2018/09/07 v3.3 Provides the ifpdf switch
)
(c:/texlive/2019/texmf-dist/tex/generic/oberdiek/ifvtex.sty
Package: ifvtex 2016/05/16 v1.6 Detect VTeX and its facilities (HO)
Package ifvtex Info: VTeX not detected.
)
(c:/texlive/2019/texmf-dist/tex/generic/ifxetex/ifxetex.sty
Package: ifxetex 2010/09/12 v0.6 Provides ifxetex conditional
)
\Gm@cnth=\count297
\Gm@cntv=\count298
\c@Gm@tempcnt=\count299
\Gm@bindingoffset=\dimen164
\Gm@wd@mp=\dimen165
\Gm@odd@mp=\dimen166
\Gm@even@mp=\dimen167
\Gm@layoutwidth=\dimen168
\Gm@layoutheight=\dimen169
\Gm@layouthoffset=\dimen170
\Gm@layoutvoffset=\dimen171
\Gm@dimlist=\toks24
)
(c:/texlive/2019/texmf-dist/tex/latex/caption/caption.sty
Package: caption 2018/10/06 v3.3-154 Customizing captions (AR)

(c:/texlive/2019/texmf-dist/tex/latex/caption/caption3.sty
Package: caption3 2018/09/12 v1.8c caption3 kernel (AR)
Package caption3 Info: TeX engine: e-TeX on input line 64.
\captionmargin=\dimen172
\captionmargin@=\dimen173
\captionwidth=\dimen174
\caption@tempdima=\dimen175
\caption@indent=\dimen176
\caption@parindent=\dimen177
\caption@hangindent=\dimen178
)
\c@caption@flags=\count300
\c@ContinuedFloat=\count301
)
(c:/texlive/2019/texmf-dist/tex/latex/booktabs/booktabs.sty
Package: booktabs 2016/04/27 v1.618033 publication quality tables
\heavyrulewidth=\dimen179
\lightrulewidth=\dimen180
\cmidrulewidth=\dimen181
\belowrulesep=\dimen182
\belowbottomsep=\dimen183
\aboverulesep=\dimen184
\abovetopsep=\dimen185
\cmidrulesep=\dimen186
\cmidrulekern=\dimen187
\defaultaddspace=\dimen188
\@cmidla=\count302
\@cmidlb=\count303
\@aboverulesep=\dimen189
\@belowrulesep=\dimen190
\@thisruleclass=\count304
\@lastruleclass=\count305
\@thisrulewidth=\dimen191
)
(c:/texlive/2019/texmf-dist/tex/latex/lettrine/lettrine.sty
File: lettrine.sty 2019-04-06 v2.22 (Daniel Flipo)

(c:/texlive/2019/texmf-dist/tex/generic/minifp/minifp.sty
Package: minifp 2013/12/30 v0.96. Macros for real number operations and a stack
-based programing language.
\MFP@loopctr=\count306
)
\c@DefaultLines=\count307
\c@DefaultDepth=\count308
\DefaultFindent=\dimen192
\DefaultNindent=\dimen193
\DefaultSlope=\dimen194
\DiscardVskip=\dimen195
\L@lbox=\box58
\L@tbox=\box59
\c@L@lines=\count309
\c@L@depth=\count310
\L@Pindent=\dimen196
\L@Findent=\dimen197
\L@Nindent=\dimen198
\L@lraise=\dimen199
\L@first=\dimen256
\L@next=\dimen257
\L@slope=\dimen258
\L@height=\dimen259
\L@novskip=\dimen260
\L@target@ht=\dimen261
\L@target@dp=\dimen262
\L@target@tht=\dimen263
\LettrineWidth=\dimen264
\LettrineHeight=\dimen265
\LettrineDepth=\dimen266
\Llist@everypar=\toks25

Loading lettrine.cfg
(c:/texlive/2019/texmf-dist/tex/latex/lettrine/lettrine.cfg))
(c:/texlive/2019/texmf-dist/tex/latex/graphics/rotating.sty
Package: rotating 2016/08/11 v2.16d rotated objects in LaTeX
\c@r@tfl@t=\count311
\rotFPtop=\skip65
\rotFPbot=\skip66
\rot@float@box=\box60
\rot@mess@toks=\toks26
)
(c:/texlive/2019/texmf-dist/tex/latex/enumitem/enumitem.sty
Package: enumitem 2019/02/04 v3.8 Customized lists
\labelindent=\skip67
\enit@outerparindent=\dimen267
\enit@toks=\toks27
\enit@inbox=\box61
\enit@count@id=\count312
\enitdp@description=\count313
)
(c:/texlive/2019/texmf-dist/tex/latex/abstract/abstract.sty
Package: abstract 2009/06/08 v1.2a configurable abstracts
\abstitleskip=\skip68
\absleftindent=\skip69
\absrightindent=\skip70
\absparindent=\skip71
\absparsep=\skip72
)
(c:/texlive/2019/texmf-dist/tex/latex/dblfloatfix/dblfloatfix.sty
Package: dblfloatfix 2012/12/31 v1.0a (JAW)

(c:/texlive/2019/texmf-dist/tex/latex/base/fixltx2e.sty
Package: fixltx2e 2016/12/29 v2.1a fixes to LaTeX (obsolete)
Applying: [2015/01/01] Old fixltx2e package on input line 46.


Package fixltx2e Warning: fixltx2e is not required with releases after 2015
(fixltx2e)                All fixes are now in the LaTeX kernel.
(fixltx2e)                See the latexrelease package for details.

Already applied: [0000/00/00] Old fixltx2e package on input line 53.
)
\@dblbotnum=\count314
\c@dblbotnumber=\count315
) (c:/texlive/2019/texmf-dist/tex/latex/titlesec/titlesec.sty
Package: titlesec 2016/03/21 v2.10.2 Sectioning titles
\ttl@box=\box62
\beforetitleunit=\skip73
\aftertitleunit=\skip74
\ttl@plus=\dimen268
\ttl@minus=\dimen269
\ttl@toksa=\toks28
\titlewidth=\dimen270
\titlewidthlast=\dimen271
\titlewidthfirst=\dimen272
)
(c:/texlive/2019/texmf-dist/tex/latex/fancyhdr/fancyhdr.sty
Package: fancyhdr 2019/01/31 v3.10 Extensive control of page headers and footer
s
\f@nch@headwidth=\skip75
\f@nch@O@elh=\skip76
\f@nch@O@erh=\skip77
\f@nch@O@olh=\skip78
\f@nch@O@orh=\skip79
\f@nch@O@elf=\skip80
\f@nch@O@erf=\skip81
\f@nch@O@olf=\skip82
\f@nch@O@orf=\skip83
)
(c:/texlive/2019/texmf-dist/tex/latex/stackengine/stackengine.sty
Package: stackengine 2017/02/13 v4.01\ Stacking text and objects in convenient 
ways

(c:/texlive/2019/texmf-dist/tex/latex/etoolbox/etoolbox.sty
Package: etoolbox 2018/08/19 v2.5f e-TeX tools for LaTeX (JAW)
\etb@tempcnta=\count316
)
(c:/texlive/2019/texmf-dist/tex/generic/listofitems/listofitems.sty
(c:/texlive/2019/texmf-dist/tex/generic/listofitems/listofitems.tex
Invalid UTF-8 byte or sequence at line 50 replaced by U+FFFD.
Invalid UTF-8 byte or sequence at line 50 replaced by U+FFFD.
Invalid UTF-8 byte or sequence at line 90 replaced by U+FFFD.
Invalid UTF-8 byte or sequence at line 90 replaced by U+FFFD.
\loi_cnt_foreach_nest=\count317
Invalid UTF-8 byte or sequence at line 132 replaced by U+FFFD.
Invalid UTF-8 byte or sequence at line 139 replaced by U+FFFD.
Invalid UTF-8 byte or sequence at line 185 replaced by U+FFFD.
Invalid UTF-8 byte or sequence at line 202 replaced by U+FFFD.
Invalid UTF-8 byte or sequence at line 202 replaced by U+FFFD.
Invalid UTF-8 byte or sequence at line 211 replaced by U+FFFD.
Invalid UTF-8 byte or sequence at line 211 replaced by U+FFFD.
Invalid UTF-8 byte or sequence at line 212 replaced by U+FFFD.
Invalid UTF-8 byte or sequence at line 212 replaced by U+FFFD.
Invalid UTF-8 byte or sequence at line 213 replaced by U+FFFD.
Invalid UTF-8 byte or sequence at line 215 replaced by U+FFFD.
Invalid UTF-8 byte or sequence at line 215 replaced by U+FFFD.
Invalid UTF-8 byte or sequence at line 227 replaced by U+FFFD.
Invalid UTF-8 byte or sequence at line 232 replaced by U+FFFD.
Invalid UTF-8 byte or sequence at line 232 replaced by U+FFFD.
Invalid UTF-8 byte or sequence at line 246 replaced by U+FFFD.
Invalid UTF-8 byte or sequence at line 260 replaced by U+FFFD.
Invalid UTF-8 byte or sequence at line 273 replaced by U+FFFD.
Invalid UTF-8 byte or sequence at line 273 replaced by U+FFFD.
Invalid UTF-8 byte or sequence at line 273 replaced by U+FFFD.
Invalid UTF-8 byte or sequence at line 290 replaced by U+FFFD.
Invalid UTF-8 byte or sequence at line 290 replaced by U+FFFD.
Invalid UTF-8 byte or sequence at line 304 replaced by U+FFFD.
Invalid UTF-8 byte or sequence at line 317 replaced by U+FFFD.
Invalid UTF-8 byte or sequence at line 317 replaced by U+FFFD.
Invalid UTF-8 byte or sequence at line 319 replaced by U+FFFD.
Invalid UTF-8 byte or sequence at line 330 replaced by U+FFFD.
Invalid UTF-8 byte or sequence at line 330 replaced by U+FFFD.
Invalid UTF-8 byte or sequence at line 330 replaced by U+FFFD.
Invalid UTF-8 byte or sequence at line 334 replaced by U+FFFD.
\loi_nestcnt=\count318
Invalid UTF-8 byte or sequence at line 347 replaced by U+FFFD.
Invalid UTF-8 byte or sequence at line 347 replaced by U+FFFD.
Invalid UTF-8 byte or sequence at line 347 replaced by U+FFFD.
Invalid UTF-8 byte or sequence at line 347 replaced by U+FFFD.
Invalid UTF-8 byte or sequence at line 353 replaced by U+FFFD.
Invalid UTF-8 byte or sequence at line 354 replaced by U+FFFD.
Invalid UTF-8 byte or sequence at line 375 replaced by U+FFFD.
Invalid UTF-8 byte or sequence at line 375 replaced by U+FFFD.
Invalid UTF-8 byte or sequence at line 376 replaced by U+FFFD.
Invalid UTF-8 byte or sequence at line 376 replaced by U+FFFD.
Invalid UTF-8 byte or sequence at line 376 replaced by U+FFFD.
Invalid UTF-8 byte or sequence at line 376 replaced by U+FFFD.
Invalid UTF-8 byte or sequence at line 376 replaced by U+FFFD.
Invalid UTF-8 byte or sequence at line 376 replaced by U+FFFD.
Invalid UTF-8 byte or sequence at line 386 replaced by U+FFFD.
Invalid UTF-8 byte or sequence at line 387 replaced by U+FFFD.
Invalid UTF-8 byte or sequence at line 387 replaced by U+FFFD.
Invalid UTF-8 byte or sequence at line 387 replaced by U+FFFD.
Invalid UTF-8 byte or sequence at line 387 replaced by U+FFFD.
Invalid UTF-8 byte or sequence at line 388 replaced by U+FFFD.
Invalid UTF-8 byte or sequence at line 388 replaced by U+FFFD.
Invalid UTF-8 byte or sequence at line 388 replaced by U+FFFD.
Invalid UTF-8 byte or sequence at line 388 replaced by U+FFFD.
Invalid UTF-8 byte or sequence at line 388 replaced by U+FFFD.
Invalid UTF-8 byte or sequence at line 388 replaced by U+FFFD.
Invalid UTF-8 byte or sequence at line 391 replaced by U+FFFD.
Invalid UTF-8 byte or sequence at line 399 replaced by U+FFFD.
Invalid UTF-8 byte or sequence at line 399 replaced by U+FFFD.
Invalid UTF-8 byte or sequence at line 403 replaced by U+FFFD.
Invalid UTF-8 byte or sequence at line 405 replaced by U+FFFD.
Invalid UTF-8 byte or sequence at line 416 replaced by U+FFFD.
Invalid UTF-8 byte or sequence at line 416 replaced by U+FFFD.
Invalid UTF-8 byte or sequence at line 417 replaced by U+FFFD.
Invalid UTF-8 byte or sequence at line 418 replaced by U+FFFD.
Invalid UTF-8 byte or sequence at line 418 replaced by U+FFFD.
Invalid UTF-8 byte or sequence at line 418 replaced by U+FFFD.
Invalid UTF-8 byte or sequence at line 421 replaced by U+FFFD.
Invalid UTF-8 byte or sequence at line 421 replaced by U+FFFD.
Invalid UTF-8 byte or sequence at line 421 replaced by U+FFFD.
Invalid UTF-8 byte or sequence at line 423 replaced by U+FFFD.
Invalid UTF-8 byte or sequence at line 423 replaced by U+FFFD.
Invalid UTF-8 byte or sequence at line 425 replaced by U+FFFD.
Invalid UTF-8 byte or sequence at line 426 replaced by U+FFFD.
Invalid UTF-8 byte or sequence at line 430 replaced by U+FFFD.
Invalid UTF-8 byte or sequence at line 430 replaced by U+FFFD.
Invalid UTF-8 byte or sequence at line 433 replaced by U+FFFD.
Invalid UTF-8 byte or sequence at line 433 replaced by U+FFFD.
Invalid UTF-8 byte or sequence at line 445 replaced by U+FFFD.
Invalid UTF-8 byte or sequence at line 448 replaced by U+FFFD.
Invalid UTF-8 byte or sequence at line 465 replaced by U+FFFD.
Invalid UTF-8 byte or sequence at line 481 replaced by U+FFFD.
Invalid UTF-8 byte or sequence at line 481 replaced by U+FFFD.
Invalid UTF-8 byte or sequence at line 482 replaced by U+FFFD.
Invalid UTF-8 byte or sequence at line 482 replaced by U+FFFD.
Invalid UTF-8 byte or sequence at line 492 replaced by U+FFFD.
Invalid UTF-8 byte or sequence at line 514 replaced by U+FFFD.
Invalid UTF-8 byte or sequence at line 514 replaced by U+FFFD.
)
Package: listofitems 2019/03/03 v1.61 Grab items in lists using user-specified 
sep char (CT)
)
(c:/texlive/2019/texmf-dist/tex/latex/tools/calc.sty
Package: calc 2017/05/25 v4.3 Infix arithmetic (KKT,FJ)
\calc@Acount=\count319
\calc@Bcount=\count320
\calc@Adimen=\dimen273
\calc@Bdimen=\dimen274
\calc@Askip=\skip84
\calc@Bskip=\skip85
LaTeX Info: Redefining \setlength on input line 80.
LaTeX Info: Redefining \addtolength on input line 81.
\calc@Ccount=\count321
\calc@Cskip=\skip86
)
\c@@stackindex=\count322
\@boxshift=\skip87
\stack@tmplength=\skip88
\temp@stkl=\skip89
\@stackedboxwidth=\skip90
\@addedbox=\box63
\@anchorbox=\box64
\stackedbox=\box65
\@centerbox=\box66
\c@ROWcellindex@=\count323
)
(c:/texlive/2019/texmf-dist/tex/latex/url/url.sty
\Urlmuskip=\muskip17
Package: url 2013/09/16  ver 3.4  Verb mode for urls, etc.
)
(c:/texlive/2019/texmf-dist/tex/latex/wrapfig/wrapfig.sty
\wrapoverhang=\dimen275
\WF@size=\dimen276
\c@WF@wrappedlines=\count324
\WF@box=\box67
\WF@everypar=\toks29
Package: wrapfig 2003/01/31  v 3.6
)
(c:/texlive/2019/texmf-dist/tex/latex/l3packages/xfrac/xfrac.sty
(c:/texlive/2019/texmf-dist/tex/latex/base/textcomp.sty
Package: textcomp 2018/08/11 v2.0j Standard LaTeX package
Package textcomp Info: Sub-encoding information:
(textcomp)               5 = only ISO-Adobe without \textcurrency
(textcomp)               4 = 5 + \texteuro
(textcomp)               3 = 4 + \textohm
(textcomp)               2 = 3 + \textestimated + \textcurrency
(textcomp)               1 = TS1 - \textcircled - \t
(textcomp)               0 = TS1 (full)
(textcomp)             Font families with sub-encoding setting implement
(textcomp)             only a restricted character set as indicated.
(textcomp)             Family '?' is the default used for unknown fonts.
(textcomp)             See the documentation for details.
Package textcomp Info: Setting ? sub-encoding to TS1/1 on input line 79.

(c:/texlive/2019/texmf-dist/tex/latex/base/ts1enc.def
File: ts1enc.def 2001/06/05 v3.0e (jk/car/fm) Standard LaTeX file
)
LaTeX Info: Redefining \oldstylenums on input line 334.
Package textcomp Info: Setting cmr sub-encoding to TS1/0 on input line 349.
Package textcomp Info: Setting cmss sub-encoding to TS1/0 on input line 350.
Package textcomp Info: Setting cmtt sub-encoding to TS1/0 on input line 351.
Package textcomp Info: Setting cmvtt sub-encoding to TS1/0 on input line 352.
Package textcomp Info: Setting cmbr sub-encoding to TS1/0 on input line 353.
Package textcomp Info: Setting cmtl sub-encoding to TS1/0 on input line 354.
Package textcomp Info: Setting ccr sub-encoding to TS1/0 on input line 355.
Package textcomp Info: Setting ptm sub-encoding to TS1/4 on input line 356.
Package textcomp Info: Setting pcr sub-encoding to TS1/4 on input line 357.
Package textcomp Info: Setting phv sub-encoding to TS1/4 on input line 358.
Package textcomp Info: Setting ppl sub-encoding to TS1/3 on input line 359.
Package textcomp Info: Setting pag sub-encoding to TS1/4 on input line 360.
Package textcomp Info: Setting pbk sub-encoding to TS1/4 on input line 361.
Package textcomp Info: Setting pnc sub-encoding to TS1/4 on input line 362.
Package textcomp Info: Setting pzc sub-encoding to TS1/4 on input line 363.
Package textcomp Info: Setting bch sub-encoding to TS1/4 on input line 364.
Package textcomp Info: Setting put sub-encoding to TS1/5 on input line 365.
Package textcomp Info: Setting uag sub-encoding to TS1/5 on input line 366.
Package textcomp Info: Setting ugq sub-encoding to TS1/5 on input line 367.
Package textcomp Info: Setting ul8 sub-encoding to TS1/4 on input line 368.
Package textcomp Info: Setting ul9 sub-encoding to TS1/4 on input line 369.
Package textcomp Info: Setting augie sub-encoding to TS1/5 on input line 370.
Package textcomp Info: Setting dayrom sub-encoding to TS1/3 on input line 371.
Package textcomp Info: Setting dayroms sub-encoding to TS1/3 on input line 372.

Package textcomp Info: Setting pxr sub-encoding to TS1/0 on input line 373.
Package textcomp Info: Setting pxss sub-encoding to TS1/0 on input line 374.
Package textcomp Info: Setting pxtt sub-encoding to TS1/0 on input line 375.
Package textcomp Info: Setting txr sub-encoding to TS1/0 on input line 376.
Package textcomp Info: Setting txss sub-encoding to TS1/0 on input line 377.
Package textcomp Info: Setting txtt sub-encoding to TS1/0 on input line 378.
Package textcomp Info: Setting lmr sub-encoding to TS1/0 on input line 379.
Package textcomp Info: Setting lmdh sub-encoding to TS1/0 on input line 380.
Package textcomp Info: Setting lmss sub-encoding to TS1/0 on input line 381.
Package textcomp Info: Setting lmssq sub-encoding to TS1/0 on input line 382.
Package textcomp Info: Setting lmvtt sub-encoding to TS1/0 on input line 383.
Package textcomp Info: Setting lmtt sub-encoding to TS1/0 on input line 384.
Package textcomp Info: Setting qhv sub-encoding to TS1/0 on input line 385.
Package textcomp Info: Setting qag sub-encoding to TS1/0 on input line 386.
Package textcomp Info: Setting qbk sub-encoding to TS1/0 on input line 387.
Package textcomp Info: Setting qcr sub-encoding to TS1/0 on input line 388.
Package textcomp Info: Setting qcs sub-encoding to TS1/0 on input line 389.
Package textcomp Info: Setting qpl sub-encoding to TS1/0 on input line 390.
Package textcomp Info: Setting qtm sub-encoding to TS1/0 on input line 391.
Package textcomp Info: Setting qzc sub-encoding to TS1/0 on input line 392.
Package textcomp Info: Setting qhvc sub-encoding to TS1/0 on input line 393.
Package textcomp Info: Setting futs sub-encoding to TS1/4 on input line 394.
Package textcomp Info: Setting futx sub-encoding to TS1/4 on input line 395.
Package textcomp Info: Setting futj sub-encoding to TS1/4 on input line 396.
Package textcomp Info: Setting hlh sub-encoding to TS1/3 on input line 397.
Package textcomp Info: Setting hls sub-encoding to TS1/3 on input line 398.
Package textcomp Info: Setting hlst sub-encoding to TS1/3 on input line 399.
Package textcomp Info: Setting hlct sub-encoding to TS1/5 on input line 400.
Package textcomp Info: Setting hlx sub-encoding to TS1/5 on input line 401.
Package textcomp Info: Setting hlce sub-encoding to TS1/5 on input line 402.
Package textcomp Info: Setting hlcn sub-encoding to TS1/5 on input line 403.
Package textcomp Info: Setting hlcw sub-encoding to TS1/5 on input line 404.
Package textcomp Info: Setting hlcf sub-encoding to TS1/5 on input line 405.
Package textcomp Info: Setting pplx sub-encoding to TS1/3 on input line 406.
Package textcomp Info: Setting pplj sub-encoding to TS1/3 on input line 407.
Package textcomp Info: Setting ptmx sub-encoding to TS1/4 on input line 408.
Package textcomp Info: Setting ptmj sub-encoding to TS1/4 on input line 409.
)
(c:/texlive/2019/texmf-dist/tex/latex/l3packages/xtemplate/xtemplate.sty
Package: xtemplate 2019-05-03 L3 Experimental prototype document functions
\l__xtemplate_tmp_dim=\dimen277
\l__xtemplate_tmp_int=\count325
\l__xtemplate_tmp_muskip=\muskip18
\l__xtemplate_tmp_skip=\skip91
)
Package: xfrac 2019-05-03 L3 Experimental split-level fractions
\l__xfrac_slash_box=\box68
\l__xfrac_tmp_box=\box69
\l__xfrac_denominator_bot_sep_dim=\dimen278
\l__xfrac_numerator_bot_sep_dim=\dimen279
\l__xfrac_numerator_top_sep_dim=\dimen280
\l__xfrac_slash_left_sep_dim=\dimen281
\l__xfrac_slash_right_sep_dim=\dimen282
\l__xfrac_slash_left_muskip=\muskip19
\l__xfrac_slash_right_muskip=\muskip20

Package xtemplate Info: Declaring object type 'xfrac' taking 3 argument(s) on
(xtemplate)             line 79.

)
(c:/texlive/2019/texmf-dist/tex/latex/tools/longtable.sty
Package: longtable 2014/10/28 v4.11 Multi-page Table package (DPC)+ FMi change
\LTleft=\skip92
\LTright=\skip93
\LTpre=\skip94
\LTpost=\skip95
\LTchunksize=\count326
\LTcapwidth=\dimen283
\LT@head=\box70
\LT@firsthead=\box71
\LT@foot=\box72
\LT@lastfoot=\box73
\LT@cols=\count327
\LT@rows=\count328
\c@LT@tables=\count329
\c@LT@chunks=\count330
\LT@p@ftn=\toks30
)
(c:/texlive/2019/texmf-dist/tex/latex/oberdiek/pdflscape.sty
Package: pdflscape 2016/05/14 v0.11 Display of landscape pages in PDF (HO)

(c:/texlive/2019/texmf-dist/tex/latex/graphics/lscape.sty
Package: lscape 2000/10/22 v3.01 Landscape Pages (DPC)
)
Package pdflscape Info: Auto-detected driver: dvipdfm (xetex) on input line 99.


(c:/texlive/2019/texmf-dist/tex/generic/oberdiek/atbegshi.sty
Package: atbegshi 2016/06/09 v1.18 At begin shipout hook (HO)

(c:/texlive/2019/texmf-dist/tex/generic/oberdiek/infwarerr.sty
Package: infwarerr 2016/05/16 v1.4 Providing info/warning/error messages (HO)
)
(c:/texlive/2019/texmf-dist/tex/generic/oberdiek/ltxcmds.sty
Package: ltxcmds 2016/05/16 v1.23 LaTeX kernel commands for general use (HO)
)))
(c:/texlive/2019/texmf-dist/tex/latex/mhchem/mhchem.sty
Package: mhchem 2018/06/22 v4.08 for typesetting chemical formulae

(c:/texlive/2019/texmf-dist/tex/latex/chemgreek/chemgreek.sty
Package: chemgreek 2016/12/20 v1.1 interfaceforuprightgreeklettersforuseinchemi
stry (CN)
\l__chemgreek_tmpa_int=\count331
\g__chemgreek_tmpa_int=\count332
)
\l__mhchem_ce_distanceFromLastComma_int=\count333
\__mhchem_arrow_extPgfLength_skip=\skip96
\mhchem@minispace@tmp=\skip97
\mhchem@minibackspace@tmp=\skip98
\mhchem@bondwidth=\skip99
\mhchem@bondheight=\skip100
\mhchem@smallbondwidth@tmpA=\skip101
\mhchem@smallbondwidth@tmpB=\skip102
\mhchem@smallbondwidth=\skip103
\mhchem@bondtmp@minussidebearingleft=\skip104
\mhchem@bondtmp@minussidebearingright=\skip105
\l__mhchem_option_version_int=\count334
\mhchem@option@minusmathsidebearingleft=\dimen284
\mhchem@option@minusmathsidebearingright=\dimen285
\mhchem@option@minustextsidebearingleft=\dimen286
\mhchem@option@minustextsidebearingright=\dimen287


Package mhchem Warning: You did not specify a 'version' option for the mhchem
(mhchem)                package. Please write \usepackage[version=4]{mhchem}
(mhchem)                in your preamble (or any lower number for
(mhchem)                compatibility mode), because you might get slightly
(mhchem)                different output with the same input in future versions
.

) (c:/texlive/2019/texmf-dist/tex/latex/caption/subcaption.sty
Package: subcaption 2018/05/01 v1.1-162 Sub-captions (AR)
\c@subfigure=\count335
\c@subtable=\count336
)
(c:/texlive/2019/texmf-dist/tex/latex/titlesec/block.tss
File: block.tss 2016/03/15
)
(c:/texlive/2019/texmf-dist/tex/latex/hyperref/hyperref.sty
Package: hyperref 2018/11/30 v6.88e Hypertext links for LaTeX

(c:/texlive/2019/texmf-dist/tex/generic/oberdiek/hobsub-hyperref.sty
Package: hobsub-hyperref 2016/05/16 v1.14 Bundle oberdiek, subset hyperref (HO)


(c:/texlive/2019/texmf-dist/tex/generic/oberdiek/hobsub-generic.sty
Package: hobsub-generic 2016/05/16 v1.14 Bundle oberdiek, subset generic (HO)
Package: hobsub 2016/05/16 v1.14 Construct package bundles (HO)
Package hobsub Info: Skipping package `infwarerr' (already loaded).
Package hobsub Info: Skipping package `ltxcmds' (already loaded).
Package: ifluatex 2016/05/16 v1.4 Provides the ifluatex switch (HO)
Package ifluatex Info: LuaTeX not detected.
Package hobsub Info: Skipping package `ifvtex' (already loaded).
Package: intcalc 2016/05/16 v1.2 Expandable calculations with integers (HO)
Package hobsub Info: Skipping package `ifpdf' (already loaded).
Package: etexcmds 2016/05/16 v1.6 Avoid name clashes with e-TeX commands (HO)
Package: kvsetkeys 2016/05/16 v1.17 Key value parser (HO)
Package: kvdefinekeys 2016/05/16 v1.4 Define keys (HO)
Package: pdftexcmds 2018/09/10 v0.29 Utility functions of pdfTeX for LuaTeX (HO
)
Package pdftexcmds Info: LuaTeX not detected.
Package pdftexcmds Info: pdfTeX >= 1.30 not detected.
Package pdftexcmds Info: \pdf@primitive is available.
Package pdftexcmds Info: \pdf@ifprimitive is available.
Package pdftexcmds Info: \pdfdraftmode not found.
Package: pdfescape 2016/05/16 v1.14 Implements pdfTeX's escape features (HO)
Package: bigintcalc 2016/05/16 v1.4 Expandable calculations on big integers (HO
)
Package: bitset 2016/05/16 v1.2 Handle bit-vector datatype (HO)
Package: uniquecounter 2016/05/16 v1.3 Provide unlimited unique counter (HO)
)
Package hobsub Info: Skipping package `hobsub' (already loaded).
Package: letltxmacro 2016/05/16 v1.5 Let assignment for LaTeX macros (HO)
Package: hopatch 2016/05/16 v1.3 Wrapper for package hooks (HO)
Package: xcolor-patch 2016/05/16 xcolor patch
Package: atveryend 2016/05/16 v1.9 Hooks at the very end of document (HO)
Package hobsub Info: Skipping package `atbegshi' (already loaded).
Package: refcount 2016/05/16 v3.5 Data extraction from label references (HO)
Package: hycolor 2016/05/16 v1.8 Color options for hyperref/bookmark (HO)
)
(c:/texlive/2019/texmf-dist/tex/latex/oberdiek/auxhook.sty
Package: auxhook 2016/05/16 v1.4 Hooks for auxiliary files (HO)
)
(c:/texlive/2019/texmf-dist/tex/latex/oberdiek/kvoptions.sty
Package: kvoptions 2016/05/16 v3.12 Key value format for package options (HO)
)
\@linkdim=\dimen288
\Hy@linkcounter=\count337
\Hy@pagecounter=\count338

(c:/texlive/2019/texmf-dist/tex/latex/hyperref/pd1enc.def
File: pd1enc.def 2018/11/30 v6.88e Hyperref: PDFDocEncoding definition (HO)
)
\Hy@SavedSpaceFactor=\count339

(c:/texlive/2019/texmf-dist/tex/latex/latexconfig/hyperref.cfg
File: hyperref.cfg 2002/06/06 v1.2 hyperref configuration of TeXLive
)
Package hyperref Info: Hyper figures OFF on input line 4519.
Package hyperref Info: Link nesting OFF on input line 4524.
Package hyperref Info: Hyper index ON on input line 4527.
Package hyperref Info: Plain pages OFF on input line 4534.
Package hyperref Info: Backreferencing OFF on input line 4539.
Package hyperref Info: Implicit mode ON; LaTeX internals redefined.
Package hyperref Info: Bookmarks ON on input line 4772.
\c@Hy@tempcnt=\count340
LaTeX Info: Redefining \url on input line 5125.
\XeTeXLinkMargin=\dimen289
\Fld@menulength=\count341
\Field@Width=\dimen290
\Fld@charsize=\dimen291
Package hyperref Info: Hyper figures OFF on input line 6380.
Package hyperref Info: Link nesting OFF on input line 6385.
Package hyperref Info: Hyper index ON on input line 6388.
Package hyperref Info: backreferencing OFF on input line 6395.
Package hyperref Info: Link coloring OFF on input line 6400.
Package hyperref Info: Link coloring with OCG OFF on input line 6405.
Package hyperref Info: PDF/A mode OFF on input line 6410.
LaTeX Info: Redefining \ref on input line 6450.
LaTeX Info: Redefining \pageref on input line 6454.
\Hy@abspage=\count342
\c@Item=\count343
\c@Hfootnote=\count344
)
Package hyperref Info: Driver (autodetected): hxetex.

(c:/texlive/2019/texmf-dist/tex/latex/hyperref/hxetex.def
File: hxetex.def 2018/11/30 v6.88e Hyperref driver for XeTeX

(c:/texlive/2019/texmf-dist/tex/latex/hyperref/puenc.def
File: puenc.def 2018/11/30 v6.88e Hyperref: PDF Unicode definition (HO)
)
(c:/texlive/2019/texmf-dist/tex/generic/oberdiek/stringenc.sty
Package: stringenc 2016/05/16 v1.11 Convert strings between diff. encodings (HO
)
)
\pdfm@box=\box74
\c@Hy@AnnotLevel=\count345
\HyField@AnnotCount=\count346
\Fld@listcount=\count347
\c@bookmark@seq@number=\count348

(c:/texlive/2019/texmf-dist/tex/latex/oberdiek/rerunfilecheck.sty
Package: rerunfilecheck 2016/05/16 v1.8 Rerun checks for auxiliary files (HO)
Package uniquecounter Info: New unique counter `rerunfilecheck' on input line 2
82.
)
\Hy@SectionHShift=\skip106
)
(c:/texlive/2019/texmf-dist/tex/latex/cleveref/cleveref.sty
Package: cleveref 2018/03/27 v0.21.4 Intelligent cross-referencing
Package cleveref Info: `hyperref' support loaded on input line 2370.
LaTeX Info: Redefining \cref on input line 2370.
LaTeX Info: Redefining \Cref on input line 2370.
LaTeX Info: Redefining \crefrange on input line 2370.
LaTeX Info: Redefining \Crefrange on input line 2370.
LaTeX Info: Redefining \cpageref on input line 2370.
LaTeX Info: Redefining \Cpageref on input line 2370.
LaTeX Info: Redefining \cpagerefrange on input line 2370.
LaTeX Info: Redefining \Cpagerefrange on input line 2370.
LaTeX Info: Redefining \labelcref on input line 2370.
LaTeX Info: Redefining \labelcpageref on input line 2370.
Package cleveref Info: always capitalise cross-reference names on input line 78
25.
Package cleveref Info: include cross-reference names in hyperlinks on input lin
e 7836.
Package cleveref Info: no abbreviation of names on input line 7852.
Package cleveref Info: always capitalise cross-reference names on input line 78
52.
Package cleveref Info: include cross-reference names in hyperlinks on input lin
e 7852.
) (./dwas_ffnn_1.aux)
\openout1 = `dwas_ffnn_1.aux'.

LaTeX Font Info:    Checking defaults for OML/cmm/m/it on input line 102.
LaTeX Font Info:    ... okay on input line 102.
LaTeX Font Info:    Checking defaults for T1/cmr/m/n on input line 102.
LaTeX Font Info:    ... okay on input line 102.
LaTeX Font Info:    Checking defaults for OT1/cmr/m/n on input line 102.
LaTeX Font Info:    ... okay on input line 102.
LaTeX Font Info:    Checking defaults for OMS/cmsy/m/n on input line 102.
LaTeX Font Info:    ... okay on input line 102.
LaTeX Font Info:    Checking defaults for TU/lmr/m/n on input line 102.
LaTeX Font Info:    ... okay on input line 102.
LaTeX Font Info:    Checking defaults for OMX/cmex/m/n on input line 102.
LaTeX Font Info:    ... okay on input line 102.
LaTeX Font Info:    Checking defaults for U/cmr/m/n on input line 102.
LaTeX Font Info:    ... okay on input line 102.
LaTeX Font Info:    Checking defaults for TS1/cmr/m/n on input line 102.
LaTeX Font Info:    Try loading font information for TS1+cmr on input line 102.

 (c:/texlive/2019/texmf-dist/tex/latex/base/ts1cmr.fd
File: ts1cmr.fd 2014/09/29 v2.5h Standard LaTeX font definitions
)
LaTeX Font Info:    ... okay on input line 102.
LaTeX Font Info:    Checking defaults for PD1/pdf/m/n on input line 102.
LaTeX Font Info:    ... okay on input line 102.
LaTeX Font Info:    Checking defaults for PU/pdf/m/n on input line 102.
LaTeX Font Info:    ... okay on input line 102.
LaTeX Font Info:    Try loading font information for T1+pplx on input line 102.


(c:/texlive/2019/texmf-dist/tex/latex/psnfss/t1pplx.fd
File: t1pplx.fd 2004/09/06 font definitions for T1/pplx.
)
LaTeX Info: Redefining \microtypecontext on input line 102.
Package microtype Info: Character protrusion enabled (level 2).
Package microtype Info: Using default protrusion set `alltext'.
Package microtype Info: No adjustment of tracking.
Package microtype Info: No adjustment of spacing.
Package microtype Info: No adjustment of kerning.

(c:/texlive/2019/texmf-dist/tex/latex/microtype/mt-ppl.cfg
File: mt-ppl.cfg 2005/11/16 v1.6 microtype config. file: Palatino (RS)
)
(c:/texlive/2019/texmf-dist/tex/latex/translator/translator-basic-dictionary-En
glish.dict
Dictionary: translator-basic-dictionary, Language: English 
)
(c:/texlive/2019/texmf-dist/tex/latex/siunitx/siunitx-abbreviations.cfg
File: siunitx-abbreviations.cfg 2017/11/26 v2.7k siunitx: Abbreviated units
)
*geometry* driver: auto-detecting
*geometry* detected driver: xetex
*geometry* verbose mode - [ preamble ] result:
* driver: xetex
* paper: <default>
* layout: <same size as paper>
* layoutoffset:(h,v)=(0.0pt,0.0pt)
* hratio: 1:1
* modes: twoside 
* h-part:(L,W,R)=(92.14519pt, 430.00462pt, 92.14519pt)
* v-part:(T,H,B)=(91.04881pt, 608.5238pt, 95.39737pt)
* \paperwidth=614.295pt
* \paperheight=794.96999pt
* \textwidth=430.00462pt
* \textheight=608.5238pt
* \oddsidemargin=19.8752pt
* \evensidemargin=19.8752pt
* \topmargin=-18.22118pt
* \headheight=12.0pt
* \headsep=25.0pt
* \topskip=10.0pt
* \footskip=30.0pt
* \marginparwidth=48.0pt
* \marginparsep=10.0pt
* \columnsep=20.0pt
* \skip\footins=9.0pt plus 4.0pt minus 2.0pt
* \hoffset=0.0pt
* \voffset=0.0pt
* \mag=1000
* \@twocolumntrue
* \@twosidetrue
* \@mparswitchtrue
* \@reversemarginfalse
* (1in=72.27pt=25.4mm, 1cm=28.453pt)

Package caption Info: Begin \AtBeginDocument code.
Package caption Info: hyperref package is loaded.
Package caption Info: longtable package is loaded.
(c:/texlive/2019/texmf-dist/tex/latex/caption/ltcaption.sty
Package: ltcaption 2018/08/26 v1.4-95 longtable captions (AR)
)
Package caption Info: rotating package is loaded.
Package caption Info: wrapfig package is loaded.
Package caption Info: End \AtBeginDocument code.
\AtBeginShipoutBox=\box75

Package chemgreek Info: Activating mapping `default' on line 102.

Package hyperref Info: Link coloring OFF on input line 102.

(c:/texlive/2019/texmf-dist/tex/latex/hyperref/nameref.sty
Package: nameref 2016/05/21 v2.44 Cross-referencing by name of section

(c:/texlive/2019/texmf-dist/tex/generic/oberdiek/gettitlestring.sty
Package: gettitlestring 2016/05/16 v1.5 Cleanup title references (HO)
)
\c@section@level=\count349
)
LaTeX Info: Redefining \ref on input line 102.
LaTeX Info: Redefining \pageref on input line 102.
LaTeX Info: Redefining \nameref on input line 102.

(./dwas_ffnn_1.out) (./dwas_ffnn_1.out)
\@outlinefile=\write3
\openout3 = `dwas_ffnn_1.out'.

LaTeX Font Info:    Try loading font information for OT1+pplx on input line 102
.

(c:/texlive/2019/texmf-dist/tex/latex/psnfss/ot1pplx.fd
File: ot1pplx.fd 2004/09/06 font definitions for OT1/pplx.
)
LaTeX Font Info:    Try loading font information for OML+zplm on input line 102
.

(c:/texlive/2019/texmf-dist/tex/latex/psnfss/omlzplm.fd
File: omlzplm.fd 2002/09/08 Fontinst v1.914 font definitions for OML/zplm.
)
LaTeX Font Info:    Try loading font information for OMS+zplm on input line 102
.

(c:/texlive/2019/texmf-dist/tex/latex/psnfss/omszplm.fd
File: omszplm.fd 2002/09/08 Fontinst v1.914 font definitions for OMS/zplm.
)
LaTeX Font Info:    Try loading font information for OMX+zplm on input line 102
.

(c:/texlive/2019/texmf-dist/tex/latex/psnfss/omxzplm.fd
File: omxzplm.fd 2002/09/08 Fontinst v1.914 font definitions for OMX/zplm.
)
LaTeX Font Info:    Try loading font information for OT1+zplm on input line 102
.

(c:/texlive/2019/texmf-dist/tex/latex/psnfss/ot1zplm.fd
File: ot1zplm.fd 2002/09/08 Fontinst v1.914 font definitions for OT1/zplm.
)
Package microtype Info: Loading generic protrusion settings for font family
(microtype)             `zplm' (encoding: OT1).
(microtype)             For optimal results, create family-specific settings.
(microtype)             See the microtype manual for details.
Package microtype Info: Loading generic protrusion settings for font family
(microtype)             `cmss' (encoding: OT1).
(microtype)             For optimal results, create family-specific settings.
(microtype)             See the microtype manual for details.
Package microtype Info: Loading generic protrusion settings for font family
(microtype)             `cmtt' (encoding: OT1).
(microtype)             For optimal results, create family-specific settings.
(microtype)             See the microtype manual for details.
LaTeX Font Info:    Font shape `T1/pplx/bx/n' in size <24.88> not available
(Font)              Font shape `T1/pplx/b/n' tried instead on input line 222.
Package microtype Info: Character `029' is missing
(microtype)             in font `T1/pplx/m/sc/12'.
(microtype)             Ignoring protrusion settings for this character.
LaTeX Font Info:    Try loading font information for TS1+pplx on input line 222
.

(c:/texlive/2019/texmf-dist/tex/latex/psnfss/ts1pplx.fd
File: ts1pplx.fd 2004/09/06 font definitions for TS1/pplx.
)
LaTeX Font Info:    Font shape `T1/pplx/bx/n' in size <10> not available
(Font)              Font shape `T1/pplx/b/n' tried instead on input line 222.

No file dwas_ffnn_1.nls.
(c:/texlive/2019/texmf-dist/tex/generic/oberdiek/se-ascii-print.def
File: se-ascii-print.def 2016/05/16 v1.11 stringenc: Printable ASCII characters

)
Package microtype Info: Character `029' is missing
(microtype)             in font `T1/pplx/m/sc/10'.
(microtype)             Ignoring protrusion settings for this character.
Package lettrine.sty Info: Targeted height = 30.07506pt
(lettrine.sty)             (no accent, loversize=0),
(lettrine.sty)             Lettrine height = 30.07518pt (W);
(lettrine.sty)             reported on input line 231.
File: images/CF5000_318.png Graphic file (type bmp)
<images/CF5000_318.png>
LaTeX Font Info:    Font shape `T1/pplx/bx/n' in size <9> not available
(Font)              Font shape `T1/pplx/b/n' tried instead on input line 236.

Underfull \vbox (badness 10000) has occurred while \output is active []

 [1


]
File: images/P_Baltic224_10kts.png Graphic file (type bmp)
<images/P_Baltic224_10kts.png>

Underfull \vbox (badness 3872) has occurred while \output is active []



LaTeX Warning: Text page 2 contains only floats.

[2]
File: images/5heel_process.png Graphic file (type bmp)
<images/5heel_process.png>


LaTeX Warning: Reference `5heel' on page 1 undefined on input line 276.

File: images/cut_coordinates.png Graphic file (type bmp)
<images/cut_coordinates.png>

Underfull \hbox (badness 10000) in paragraph at lines 285--286
[]\T1/pplx/m/n/10 Forces and mo-ments are non-
 []


Underfull \hbox (badness 1259) in paragraph at lines 285--286
\T1/pplx/m/n/10 This ap-proach to ves-sel mod-el-ing fol-lows
 []

[3]
Underfull \vbox (badness 10000) has occurred while \output is active []



LaTeX Warning: Reference `fig:Xind_parents' on page 1 undefined on input line 3
02.

LaTeX Font Info:    Calculating math sizes for size <7.30098> on input line 302
.

LaTeX Font Warning: Font shape `OT1/cmss/m/n' in size <5.54869> not available
(Font)              size <6> substituted on input line 302.


LaTeX Font Warning: Font shape `OT1/cmss/m/n' in size <4.38063> not available
(Font)              size <5> substituted on input line 302.


LaTeX Font Warning: Font shape `OT1/cmtt/m/n' in size <5.54869> not available
(Font)              size <6> substituted on input line 302.


LaTeX Font Warning: Font shape `OT1/cmtt/m/n' in size <4.38063> not available
(Font)              size <5> substituted on input line 302.

[4]
File: images/1_CLR_demo.png Graphic file (type bmp)
<images/1_CLR_demo.png>
Missing character: There is no  in font pplr9e!
Missing character: There is no  in font pplr9e!
Missing character: There is no  in font pplr9e!
Missing character: There is no  in font pplr9e!
File: images/wavesphi.png Graphic file (type bmp)
<images/wavesphi.png>

Overfull \hbox (20.50148pt too wide) in paragraph at lines 338--339
 [][] 
 []


LaTeX Warning: Float too large for page by 49.9235pt on input line 341.


LaTeX Warning: `!h' float specifier changed to `!ht'.


Underfull \hbox (badness 1178) in paragraph at lines 345--346
\T1/pplx/m/n/10 Reynolds-averaged Navier Stokes com-pu-ta-
 []


Underfull \hbox (badness 1430) in paragraph at lines 345--346
\T1/pplx/m/n/10 These meth-ods re-quire in-ten-sive com-pu-ta-
 []

[5]
Underfull \vbox (badness 10000) has occurred while \output is active []


Underfull \vbox (badness 10000) has occurred while \output is active []

 [6]
Underfull \hbox (badness 4303) in paragraph at lines 351--351
|\T1/pplx/m/n/12 ii. Nu-mer-i-cal mod-el-ing with ma-
 []

File: images/node.png Graphic file (type bmp)
<images/node.png>

LaTeX Warning: `!h' float specifier changed to `!ht'.

File: images/ffnn.png Graphic file (type bmp)
<images/ffnn.png>

Package natbib Warning: Citation `Wolpert1997' on page 7 undefined on input lin
e 390.

[7]

LaTeX Warning: No positions in optional float specifier.
               Default added (so using `tbp') on input line 400.


Underfull \hbox (badness 10000) in paragraph at lines 420--421
[]|\T1/pplx/m/n/10 Low-$\OML/zplm/m/it/10 C[]$ \T1/pplx/m/n/10 ships (ferry,
 []


Underfull \hbox (badness 10000) in paragraph at lines 414--423

 []


Overfull \hbox (4.69327pt too wide) in paragraph at lines 427--447
 [][] 
 []


Underfull \vbox (badness 1460) has occurred while \output is active []



LaTeX Warning: No positions in optional float specifier.
               Default added (so using `tbp') on input line 449.


Underfull \hbox (badness 1178) in paragraph at lines 492--493
\T1/pplx/m/n/10 Reynolds-averaged Navier Stokes com-pu-ta-
 []


Underfull \hbox (badness 1028) in paragraph at lines 492--493
\T1/pplx/m/n/10 ma-chine learn-ing mod-els were trained on
 []


Underfull \hbox (badness 1178) in paragraph at lines 499--500
\T1/pplx/m/n/10 Reynolds-averaged Navier Stokes com-pu-ta-
 []


Underfull \hbox (badness 1028) in paragraph at lines 499--500
\T1/pplx/m/n/10 ma-chine learn-ing mod-els were trained on
 []

[8]

LaTeX Warning: Text page 9 contains only floats.


Overfull \vbox (3.29607pt too high) has occurred while \output is active []


(./dwas_ffnn_1.bbl
LaTeX Font Info:    Try loading font information for T1+lmtt on input line 11.
 (c:/texlive/2019/texmf-dist/tex/latex/lm/t1lmtt.fd
File: t1lmtt.fd 2009/10/30 v1.6 Font defs for Latin Modern
)
Package microtype Info: Loading generic protrusion settings for font family
(microtype)             `lmtt' (encoding: T1).
(microtype)             For optimal results, create family-specific settings.
(microtype)             See the microtype manual for details.

Underfull \hbox (badness 5741) in paragraph at lines 9--12
[]\T1/pplx/m/n/10 Description of carte-sius sys-tem.  web-
 []

[9]
Missing character: There is no  in font pplr9e!
Missing character: There is no  in font pplr9e!

Underfull \hbox (badness 1275) in paragraph at lines 81--87
\T1/pplx/m/n/10 ISBN 9780262035613.  URL []$\T1/lmtt/m/n/10 http : / / www .
 []


Underfull \hbox (badness 1360) in paragraph at lines 141--144
[]\T1/pplx/m/n/10 L. Prandtl.  Tragflgelthe-o-rie.  \T1/pplx/m/it/10 Kniglich
e
 []


Underfull \hbox (badness 10000) in paragraph at lines 157--166
[]$\T1/lmtt/m/n/10 http : / / www . sciencedirect . com / science /
 []

[10]
Underfull \hbox (badness 1043) in paragraph at lines 169--178
\T1/pplx/m/n/10 and Os-man Tu-ran.  Full-scale un-steady
 []


Underfull \hbox (badness 1960) in paragraph at lines 169--178
\T1/pplx/m/n/10 rans cfd sim-u-la-tions of ship be-haviour
 []


Underfull \hbox (badness 10000) in paragraph at lines 169--178
[]$\T1/lmtt/m/n/10 http : / / www . sciencedirect . com / science /
 []


Underfull \hbox (badness 1810) in paragraph at lines 180--184
[]\T1/pplx/m/n/10 S. L. Tox-opeus.  Prac-ti-cal ap-pli-ca-tion of
 []

Missing character: There is no  in font pplr9e!
)

Package natbib Warning: There were undefined citations.

Package atveryend Info: Empty hook `BeforeClearDocument' on input line 513.
[11]
Package atveryend Info: Empty hook `AfterLastShipout' on input line 513.
 [12

] (./dwas_ffnn_1.aux)
Package atveryend Info: Empty hook `AtVeryEndDocument' on input line 513.
Package atveryend Info: Executing hook `AtEndAfterFileList' on input line 513.
Package rerunfilecheck Info: File `dwas_ffnn_1.out' has not changed.
(rerunfilecheck)             Checksum: 3CEB8FF96F4579BB92CC2E5FAD40C58D.


LaTeX Font Warning: Size substitutions with differences
(Font)              up to 2.37163pt have occurred.


LaTeX Warning: There were undefined references.

 ) 
Here is how much of TeX's memory you used:
 31210 strings out of 492916
 569798 string characters out of 6136689
 746323 words of memory out of 5000000
 34931 multiletter control sequences out of 15000+600000
 622610 words of font info for 174 fonts, out of 8000000 for 9000
 1348 hyphenation exceptions out of 8191
 57i,14n,100p,1692b,913s stack positions out of 5000i,500n,10000p,200000b,80000s

Output written on dwas_ffnn_1.pdf (12 pages).
